CRITICAL - 2023-09-01 07:12:49 --> Class 'VoitureOccasionModel' not found
in APPPATH/Models/ImportModel.php on line 46.
 1 APPPATH/Controllers/ImportController.php(15): App\Models\ImportModel->importDataFromXML()
 2 SYSTEMPATH/CodeIgniter.php(932): App\Controllers\ImportController->index()
 3 SYSTEMPATH/CodeIgniter.php(497): CodeIgniter\CodeIgniter->runController()
 4 SYSTEMPATH/CodeIgniter.php(366): CodeIgniter\CodeIgniter->handleRequest()
 5 FCPATH/index.php(67): CodeIgniter\CodeIgniter->run()
CRITICAL - 2023-09-01 12:56:34 --> You must set the database table to be used with your query.
in SYSTEMPATH/Database/BaseConnection.php on line 883.
 1 SYSTEMPATH/Model.php(642): CodeIgniter\Database\BaseConnection->table()
 2 SYSTEMPATH/Model.php(188): CodeIgniter\Model->builder()
 3 SYSTEMPATH/BaseModel.php(557): CodeIgniter\Model->doFind()
 4 APPPATH/Controllers/VoitureController.php(19): CodeIgniter\BaseModel->find()
 5 SYSTEMPATH/CodeIgniter.php(932): App\Controllers\VoitureController->voiture()
 6 SYSTEMPATH/CodeIgniter.php(497): CodeIgniter\CodeIgniter->runController()
 7 SYSTEMPATH/CodeIgniter.php(366): CodeIgniter\CodeIgniter->handleRequest()
 8 FCPATH/index.php(67): CodeIgniter\CodeIgniter->run()
CRITICAL - 2023-09-01 12:56:39 --> You must set the database table to be used with your query.
in SYSTEMPATH/Database/BaseConnection.php on line 883.
 1 SYSTEMPATH/Model.php(642): CodeIgniter\Database\BaseConnection->table()
 2 SYSTEMPATH/Model.php(188): CodeIgniter\Model->builder()
 3 SYSTEMPATH/BaseModel.php(557): CodeIgniter\Model->doFind()
 4 APPPATH/Controllers/VoitureController.php(19): CodeIgniter\BaseModel->find()
 5 SYSTEMPATH/CodeIgniter.php(932): App\Controllers\VoitureController->voiture()
 6 SYSTEMPATH/CodeIgniter.php(497): CodeIgniter\CodeIgniter->runController()
 7 SYSTEMPATH/CodeIgniter.php(366): CodeIgniter\CodeIgniter->handleRequest()
 8 FCPATH/index.php(67): CodeIgniter\CodeIgniter->run()
CRITICAL - 2023-09-01 12:57:21 --> You must set the database table to be used with your query.
in SYSTEMPATH/Database/BaseConnection.php on line 883.
 1 SYSTEMPATH/Model.php(642): CodeIgniter\Database\BaseConnection->table()
 2 SYSTEMPATH/Model.php(188): CodeIgniter\Model->builder()
 3 SYSTEMPATH/BaseModel.php(557): CodeIgniter\Model->doFind()
 4 APPPATH/Controllers/VoitureController.php(19): CodeIgniter\BaseModel->find()
 5 SYSTEMPATH/CodeIgniter.php(932): App\Controllers\VoitureController->voiture()
 6 SYSTEMPATH/CodeIgniter.php(497): CodeIgniter\CodeIgniter->runController()
 7 SYSTEMPATH/CodeIgniter.php(366): CodeIgniter\CodeIgniter->handleRequest()
 8 FCPATH/index.php(67): CodeIgniter\CodeIgniter->run()
CRITICAL - 2023-09-01 13:02:41 --> You must set the database table to be used with your query.
in SYSTEMPATH/Database/BaseConnection.php on line 883.
 1 SYSTEMPATH/Model.php(642): CodeIgniter\Database\BaseConnection->table()
 2 SYSTEMPATH/Model.php(188): CodeIgniter\Model->builder()
 3 SYSTEMPATH/BaseModel.php(557): CodeIgniter\Model->doFind()
 4 APPPATH/Controllers/VoitureController.php(19): CodeIgniter\BaseModel->find()
 5 SYSTEMPATH/CodeIgniter.php(932): App\Controllers\VoitureController->voiture()
 6 SYSTEMPATH/CodeIgniter.php(497): CodeIgniter\CodeIgniter->runController()
 7 SYSTEMPATH/CodeIgniter.php(366): CodeIgniter\CodeIgniter->handleRequest()
 8 FCPATH/index.php(67): CodeIgniter\CodeIgniter->run()
CRITICAL - 2023-09-01 13:03:04 --> You must set the database table to be used with your query.
in SYSTEMPATH/Database/BaseConnection.php on line 883.
 1 SYSTEMPATH/Model.php(642): CodeIgniter\Database\BaseConnection->table()
 2 SYSTEMPATH/Model.php(188): CodeIgniter\Model->builder()
 3 SYSTEMPATH/BaseModel.php(557): CodeIgniter\Model->doFind()
 4 APPPATH/Controllers/VoitureController.php(19): CodeIgniter\BaseModel->find()
 5 SYSTEMPATH/CodeIgniter.php(932): App\Controllers\VoitureController->voiture()
 6 SYSTEMPATH/CodeIgniter.php(497): CodeIgniter\CodeIgniter->runController()
 7 SYSTEMPATH/CodeIgniter.php(366): CodeIgniter\CodeIgniter->handleRequest()
 8 FCPATH/index.php(67): CodeIgniter\CodeIgniter->run()
CRITICAL - 2023-09-01 13:03:05 --> You must set the database table to be used with your query.
in SYSTEMPATH/Database/BaseConnection.php on line 883.
 1 SYSTEMPATH/Model.php(642): CodeIgniter\Database\BaseConnection->table()
 2 SYSTEMPATH/Model.php(188): CodeIgniter\Model->builder()
 3 SYSTEMPATH/BaseModel.php(557): CodeIgniter\Model->doFind()
 4 APPPATH/Controllers/VoitureController.php(19): CodeIgniter\BaseModel->find()
 5 SYSTEMPATH/CodeIgniter.php(932): App\Controllers\VoitureController->voiture()
 6 SYSTEMPATH/CodeIgniter.php(497): CodeIgniter\CodeIgniter->runController()
 7 SYSTEMPATH/CodeIgniter.php(366): CodeIgniter\CodeIgniter->handleRequest()
 8 FCPATH/index.php(67): CodeIgniter\CodeIgniter->run()
CRITICAL - 2023-09-01 13:03:07 --> You must set the database table to be used with your query.
in SYSTEMPATH/Database/BaseConnection.php on line 883.
 1 SYSTEMPATH/Model.php(642): CodeIgniter\Database\BaseConnection->table()
 2 SYSTEMPATH/Model.php(188): CodeIgniter\Model->builder()
 3 SYSTEMPATH/BaseModel.php(557): CodeIgniter\Model->doFind()
 4 APPPATH/Controllers/VoitureController.php(19): CodeIgniter\BaseModel->find()
 5 SYSTEMPATH/CodeIgniter.php(932): App\Controllers\VoitureController->voiture()
 6 SYSTEMPATH/CodeIgniter.php(497): CodeIgniter\CodeIgniter->runController()
 7 SYSTEMPATH/CodeIgniter.php(366): CodeIgniter\CodeIgniter->handleRequest()
 8 FCPATH/index.php(67): CodeIgniter\CodeIgniter->run()
CRITICAL - 2023-09-01 13:03:11 --> You must set the database table to be used with your query.
in SYSTEMPATH/Database/BaseConnection.php on line 883.
 1 SYSTEMPATH/Model.php(642): CodeIgniter\Database\BaseConnection->table()
 2 SYSTEMPATH/Model.php(188): CodeIgniter\Model->builder()
 3 SYSTEMPATH/BaseModel.php(557): CodeIgniter\Model->doFind()
 4 APPPATH/Controllers/VoitureController.php(19): CodeIgniter\BaseModel->find()
 5 SYSTEMPATH/CodeIgniter.php(932): App\Controllers\VoitureController->voiture()
 6 SYSTEMPATH/CodeIgniter.php(497): CodeIgniter\CodeIgniter->runController()
 7 SYSTEMPATH/CodeIgniter.php(366): CodeIgniter\CodeIgniter->handleRequest()
 8 FCPATH/index.php(67): CodeIgniter\CodeIgniter->run()
