CRITICAL - 2023-07-26 07:48:47 --> simplexml_load_file(): I/O warning : failed to load external entity &quot;../../public/ressources/vehicules.xml&quot;
in APPPATH/Models/ImportModel.php on line 13.
 1 [internal function]: CodeIgniter\Debug\Exceptions->errorHandler()
 2 APPPATH/Models/ImportModel.php(13): simplexml_load_file()
 3 APPPATH/Controllers/ImportController.php(15): App\Models\ImportModel->importDataFromXML()
 4 SYSTEMPATH/CodeIgniter.php(932): App\Controllers\ImportController->index()
 5 SYSTEMPATH/CodeIgniter.php(497): CodeIgniter\CodeIgniter->runController()
 6 SYSTEMPATH/CodeIgniter.php(366): CodeIgniter\CodeIgniter->handleRequest()
 7 FCPATH/index.php(67): CodeIgniter\CodeIgniter->run()
CRITICAL - 2023-07-26 07:50:04 --> simplexml_load_file(): I/O warning : failed to load external entity &quot;../../public/ressources/vehicules.xml&quot;
in APPPATH/Models/ImportModel.php on line 13.
 1 [internal function]: CodeIgniter\Debug\Exceptions->errorHandler()
 2 APPPATH/Models/ImportModel.php(13): simplexml_load_file()
 3 APPPATH/Controllers/ImportController.php(15): App\Models\ImportModel->importDataFromXML()
 4 SYSTEMPATH/CodeIgniter.php(932): App\Controllers\ImportController->index()
 5 SYSTEMPATH/CodeIgniter.php(497): CodeIgniter\CodeIgniter->runController()
 6 SYSTEMPATH/CodeIgniter.php(366): CodeIgniter\CodeIgniter->handleRequest()
 7 FCPATH/index.php(67): CodeIgniter\CodeIgniter->run()
CRITICAL - 2023-07-26 07:52:28 --> simplexml_load_file(): I/O warning : failed to load external entity &quot;../../public/ressources/vehicules.xml&quot;
in APPPATH/Models/ImportModel.php on line 13.
 1 [internal function]: CodeIgniter\Debug\Exceptions->errorHandler()
 2 APPPATH/Models/ImportModel.php(13): simplexml_load_file()
 3 APPPATH/Controllers/ImportController.php(15): App\Models\ImportModel->importDataFromXML()
 4 SYSTEMPATH/CodeIgniter.php(932): App\Controllers\ImportController->index()
 5 SYSTEMPATH/CodeIgniter.php(497): CodeIgniter\CodeIgniter->runController()
 6 SYSTEMPATH/CodeIgniter.php(366): CodeIgniter\CodeIgniter->handleRequest()
 7 FCPATH/index.php(67): CodeIgniter\CodeIgniter->run()
CRITICAL - 2023-07-26 07:52:29 --> simplexml_load_file(): I/O warning : failed to load external entity &quot;../../public/ressources/vehicules.xml&quot;
in APPPATH/Models/ImportModel.php on line 13.
 1 [internal function]: CodeIgniter\Debug\Exceptions->errorHandler()
 2 APPPATH/Models/ImportModel.php(13): simplexml_load_file()
 3 APPPATH/Controllers/ImportController.php(15): App\Models\ImportModel->importDataFromXML()
 4 SYSTEMPATH/CodeIgniter.php(932): App\Controllers\ImportController->index()
 5 SYSTEMPATH/CodeIgniter.php(497): CodeIgniter\CodeIgniter->runController()
 6 SYSTEMPATH/CodeIgniter.php(366): CodeIgniter\CodeIgniter->handleRequest()
 7 FCPATH/index.php(67): CodeIgniter\CodeIgniter->run()
CRITICAL - 2023-07-26 07:53:51 --> syntax error, unexpected '$xml' (T_VARIABLE)
in APPPATH/Models/ImportModel.php on line 14.
 1 SYSTEMPATH/Autoloader/Autoloader.php(289): CodeIgniter\Autoloader\Autoloader->includeFile()
 2 SYSTEMPATH/Autoloader/Autoloader.php(267): CodeIgniter\Autoloader\Autoloader->loadInNamespace()
 3 [internal function]: CodeIgniter\Autoloader\Autoloader->loadClass()
 4 APPPATH/Controllers/ImportController.php(14): spl_autoload_call()
 5 SYSTEMPATH/CodeIgniter.php(932): App\Controllers\ImportController->index()
 6 SYSTEMPATH/CodeIgniter.php(497): CodeIgniter\CodeIgniter->runController()
 7 SYSTEMPATH/CodeIgniter.php(366): CodeIgniter\CodeIgniter->handleRequest()
 8 FCPATH/index.php(67): CodeIgniter\CodeIgniter->run()
CRITICAL - 2023-07-26 07:54:10 --> simplexml_load_file(): I/O warning : failed to load external entity &quot;../../public/ressources/vehicules.xml&quot;
in APPPATH/Models/ImportModel.php on line 14.
 1 [internal function]: CodeIgniter\Debug\Exceptions->errorHandler()
 2 APPPATH/Models/ImportModel.php(14): simplexml_load_file()
 3 APPPATH/Controllers/ImportController.php(15): App\Models\ImportModel->importDataFromXML()
 4 SYSTEMPATH/CodeIgniter.php(932): App\Controllers\ImportController->index()
 5 SYSTEMPATH/CodeIgniter.php(497): CodeIgniter\CodeIgniter->runController()
 6 SYSTEMPATH/CodeIgniter.php(366): CodeIgniter\CodeIgniter->handleRequest()
 7 FCPATH/index.php(67): CodeIgniter\CodeIgniter->run()
CRITICAL - 2023-07-26 07:54:26 --> simplexml_load_file(): I/O warning : failed to load external entity &quot;../../public/ressources/vehicules.xml&quot;
in APPPATH/Models/ImportModel.php on line 14.
 1 [internal function]: CodeIgniter\Debug\Exceptions->errorHandler()
 2 APPPATH/Models/ImportModel.php(14): simplexml_load_file()
 3 APPPATH/Controllers/ImportController.php(15): App\Models\ImportModel->importDataFromXML()
 4 SYSTEMPATH/CodeIgniter.php(932): App\Controllers\ImportController->index()
 5 SYSTEMPATH/CodeIgniter.php(497): CodeIgniter\CodeIgniter->runController()
 6 SYSTEMPATH/CodeIgniter.php(366): CodeIgniter\CodeIgniter->handleRequest()
 7 FCPATH/index.php(67): CodeIgniter\CodeIgniter->run()
CRITICAL - 2023-07-26 07:54:36 --> simplexml_load_file(): I/O warning : failed to load external entity &quot;../../public/ressources/vehicules.xml&quot;
in APPPATH/Models/ImportModel.php on line 13.
 1 [internal function]: CodeIgniter\Debug\Exceptions->errorHandler()
 2 APPPATH/Models/ImportModel.php(13): simplexml_load_file()
 3 APPPATH/Controllers/ImportController.php(15): App\Models\ImportModel->importDataFromXML()
 4 SYSTEMPATH/CodeIgniter.php(932): App\Controllers\ImportController->index()
 5 SYSTEMPATH/CodeIgniter.php(497): CodeIgniter\CodeIgniter->runController()
 6 SYSTEMPATH/CodeIgniter.php(366): CodeIgniter\CodeIgniter->handleRequest()
 7 FCPATH/index.php(67): CodeIgniter\CodeIgniter->run()
CRITICAL - 2023-07-26 07:57:06 --> implode(): Invalid arguments passed
in APPPATH/Models/ImportModel.php on line 35.
 1 [internal function]: CodeIgniter\Debug\Exceptions->errorHandler()
 2 APPPATH/Models/ImportModel.php(35): implode()
 3 APPPATH/Controllers/ImportController.php(15): App\Models\ImportModel->importDataFromXML()
 4 SYSTEMPATH/CodeIgniter.php(932): App\Controllers\ImportController->index()
 5 SYSTEMPATH/CodeIgniter.php(497): CodeIgniter\CodeIgniter->runController()
 6 SYSTEMPATH/CodeIgniter.php(366): CodeIgniter\CodeIgniter->handleRequest()
 7 FCPATH/index.php(67): CodeIgniter\CodeIgniter->run()
CRITICAL - 2023-07-26 08:00:43 --> implode(): Invalid arguments passed
in APPPATH/Models/ImportModel.php on line 35.
 1 [internal function]: CodeIgniter\Debug\Exceptions->errorHandler()
 2 APPPATH/Models/ImportModel.php(35): implode()
 3 APPPATH/Controllers/ImportController.php(15): App\Models\ImportModel->importDataFromXML()
 4 SYSTEMPATH/CodeIgniter.php(932): App\Controllers\ImportController->index()
 5 SYSTEMPATH/CodeIgniter.php(497): CodeIgniter\CodeIgniter->runController()
 6 SYSTEMPATH/CodeIgniter.php(366): CodeIgniter\CodeIgniter->handleRequest()
 7 FCPATH/index.php(67): CodeIgniter\CodeIgniter->run()
CRITICAL - 2023-07-26 08:01:12 --> implode(): Invalid arguments passed
in APPPATH/Models/ImportModel.php on line 35.
 1 [internal function]: CodeIgniter\Debug\Exceptions->errorHandler()
 2 APPPATH/Models/ImportModel.php(35): implode()
 3 APPPATH/Controllers/ImportController.php(15): App\Models\ImportModel->importDataFromXML()
 4 SYSTEMPATH/CodeIgniter.php(932): App\Controllers\ImportController->index()
 5 SYSTEMPATH/CodeIgniter.php(497): CodeIgniter\CodeIgniter->runController()
 6 SYSTEMPATH/CodeIgniter.php(366): CodeIgniter\CodeIgniter->handleRequest()
 7 FCPATH/index.php(67): CodeIgniter\CodeIgniter->run()
CRITICAL - 2023-07-26 08:35:23 --> Too few arguments to function App\Controllers\VoitureController::deleteCar(), 0 passed in /home/symfony.pymac.fr/web/codeigniter/vendor/codeigniter4/framework/system/CodeIgniter.php on line 932 and exactly 1 expected
in APPPATH/Controllers/VoitureController.php on line 50.
 1 SYSTEMPATH/CodeIgniter.php(932): App\Controllers\VoitureController->deleteCar()
 2 SYSTEMPATH/CodeIgniter.php(497): CodeIgniter\CodeIgniter->runController()
 3 SYSTEMPATH/CodeIgniter.php(366): CodeIgniter\CodeIgniter->handleRequest()
 4 FCPATH/index.php(67): CodeIgniter\CodeIgniter->run()
CRITICAL - 2023-07-26 08:35:40 --> Too few arguments to function App\Controllers\VoitureController::deleteCar(), 0 passed in /home/symfony.pymac.fr/web/codeigniter/vendor/codeigniter4/framework/system/CodeIgniter.php on line 932 and exactly 1 expected
in APPPATH/Controllers/VoitureController.php on line 50.
 1 SYSTEMPATH/CodeIgniter.php(932): App\Controllers\VoitureController->deleteCar()
 2 SYSTEMPATH/CodeIgniter.php(497): CodeIgniter\CodeIgniter->runController()
 3 SYSTEMPATH/CodeIgniter.php(366): CodeIgniter\CodeIgniter->handleRequest()
 4 FCPATH/index.php(67): CodeIgniter\CodeIgniter->run()
CRITICAL - 2023-07-26 08:37:08 --> Too few arguments to function App\Controllers\VoitureController::deleteCar(), 0 passed in /home/symfony.pymac.fr/web/codeigniter/vendor/codeigniter4/framework/system/CodeIgniter.php on line 932 and exactly 1 expected
in APPPATH/Controllers/VoitureController.php on line 50.
 1 SYSTEMPATH/CodeIgniter.php(932): App\Controllers\VoitureController->deleteCar()
 2 SYSTEMPATH/CodeIgniter.php(497): CodeIgniter\CodeIgniter->runController()
 3 SYSTEMPATH/CodeIgniter.php(366): CodeIgniter\CodeIgniter->handleRequest()
 4 FCPATH/index.php(67): CodeIgniter\CodeIgniter->run()
CRITICAL - 2023-07-26 08:45:24 --> Too few arguments to function App\Controllers\VoitureController::edit(), 0 passed in /home/symfony.pymac.fr/web/codeigniter/vendor/codeigniter4/framework/system/CodeIgniter.php on line 932 and exactly 1 expected
in APPPATH/Controllers/VoitureController.php on line 22.
 1 SYSTEMPATH/CodeIgniter.php(932): App\Controllers\VoitureController->edit()
 2 SYSTEMPATH/CodeIgniter.php(497): CodeIgniter\CodeIgniter->runController()
 3 SYSTEMPATH/CodeIgniter.php(366): CodeIgniter\CodeIgniter->handleRequest()
 4 FCPATH/index.php(67): CodeIgniter\CodeIgniter->run()
CRITICAL - 2023-07-26 09:51:41 --> in_array() expects parameter 2 to be array, null given
in APPPATH/Views/home.php on line 109.
 1 [internal function]: CodeIgniter\Debug\Exceptions->errorHandler()
 2 APPPATH/Views/home.php(109): in_array()
 3 SYSTEMPATH/View/View.php(224): include('/home/symfony.pymac.fr/web/codeigniter/app/Views/home.php')
 4 SYSTEMPATH/View/View.php(227): CodeIgniter\View\View->CodeIgniter\View\{closure}()
 5 SYSTEMPATH/Common.php(1180): CodeIgniter\View\View->render()
 6 APPPATH/Controllers/HomeController.php(14): view()
 7 SYSTEMPATH/CodeIgniter.php(932): App\Controllers\HomeController->index()
 8 SYSTEMPATH/CodeIgniter.php(497): CodeIgniter\CodeIgniter->runController()
 9 SYSTEMPATH/CodeIgniter.php(366): CodeIgniter\CodeIgniter->handleRequest()
10 FCPATH/index.php(67): CodeIgniter\CodeIgniter->run()
CRITICAL - 2023-07-26 10:07:14 --> in_array() expects parameter 2 to be array, null given
in APPPATH/Views/home.php on line 108.
 1 [internal function]: CodeIgniter\Debug\Exceptions->errorHandler()
 2 APPPATH/Views/home.php(108): in_array()
 3 SYSTEMPATH/View/View.php(224): include('/home/symfony.pymac.fr/web/codeigniter/app/Views/home.php')
 4 SYSTEMPATH/View/View.php(227): CodeIgniter\View\View->CodeIgniter\View\{closure}()
 5 SYSTEMPATH/Common.php(1180): CodeIgniter\View\View->render()
 6 APPPATH/Controllers/HomeController.php(14): view()
 7 SYSTEMPATH/CodeIgniter.php(932): App\Controllers\HomeController->index()
 8 SYSTEMPATH/CodeIgniter.php(497): CodeIgniter\CodeIgniter->runController()
 9 SYSTEMPATH/CodeIgniter.php(366): CodeIgniter\CodeIgniter->handleRequest()
10 FCPATH/index.php(67): CodeIgniter\CodeIgniter->run()
CRITICAL - 2023-07-26 10:07:38 --> in_array() expects parameter 2 to be array, null given
in APPPATH/Views/home.php on line 108.
 1 [internal function]: CodeIgniter\Debug\Exceptions->errorHandler()
 2 APPPATH/Views/home.php(108): in_array()
 3 SYSTEMPATH/View/View.php(224): include('/home/symfony.pymac.fr/web/codeigniter/app/Views/home.php')
 4 SYSTEMPATH/View/View.php(227): CodeIgniter\View\View->CodeIgniter\View\{closure}()
 5 SYSTEMPATH/Common.php(1180): CodeIgniter\View\View->render()
 6 APPPATH/Controllers/HomeController.php(14): view()
 7 SYSTEMPATH/CodeIgniter.php(932): App\Controllers\HomeController->index()
 8 SYSTEMPATH/CodeIgniter.php(497): CodeIgniter\CodeIgniter->runController()
 9 SYSTEMPATH/CodeIgniter.php(366): CodeIgniter\CodeIgniter->handleRequest()
10 FCPATH/index.php(67): CodeIgniter\CodeIgniter->run()
CRITICAL - 2023-07-26 10:07:38 --> in_array() expects parameter 2 to be array, null given
in APPPATH/Views/home.php on line 108.
 1 [internal function]: CodeIgniter\Debug\Exceptions->errorHandler()
 2 APPPATH/Views/home.php(108): in_array()
 3 SYSTEMPATH/View/View.php(224): include('/home/symfony.pymac.fr/web/codeigniter/app/Views/home.php')
 4 SYSTEMPATH/View/View.php(227): CodeIgniter\View\View->CodeIgniter\View\{closure}()
 5 SYSTEMPATH/Common.php(1180): CodeIgniter\View\View->render()
 6 APPPATH/Controllers/HomeController.php(14): view()
 7 SYSTEMPATH/CodeIgniter.php(932): App\Controllers\HomeController->index()
 8 SYSTEMPATH/CodeIgniter.php(497): CodeIgniter\CodeIgniter->runController()
 9 SYSTEMPATH/CodeIgniter.php(366): CodeIgniter\CodeIgniter->handleRequest()
10 FCPATH/index.php(67): CodeIgniter\CodeIgniter->run()
CRITICAL - 2023-07-26 10:07:39 --> in_array() expects parameter 2 to be array, null given
in APPPATH/Views/home.php on line 108.
 1 [internal function]: CodeIgniter\Debug\Exceptions->errorHandler()
 2 APPPATH/Views/home.php(108): in_array()
 3 SYSTEMPATH/View/View.php(224): include('/home/symfony.pymac.fr/web/codeigniter/app/Views/home.php')
 4 SYSTEMPATH/View/View.php(227): CodeIgniter\View\View->CodeIgniter\View\{closure}()
 5 SYSTEMPATH/Common.php(1180): CodeIgniter\View\View->render()
 6 APPPATH/Controllers/HomeController.php(14): view()
 7 SYSTEMPATH/CodeIgniter.php(932): App\Controllers\HomeController->index()
 8 SYSTEMPATH/CodeIgniter.php(497): CodeIgniter\CodeIgniter->runController()
 9 SYSTEMPATH/CodeIgniter.php(366): CodeIgniter\CodeIgniter->handleRequest()
10 FCPATH/index.php(67): CodeIgniter\CodeIgniter->run()
CRITICAL - 2023-07-26 10:07:39 --> in_array() expects parameter 2 to be array, null given
in APPPATH/Views/home.php on line 108.
 1 [internal function]: CodeIgniter\Debug\Exceptions->errorHandler()
 2 APPPATH/Views/home.php(108): in_array()
 3 SYSTEMPATH/View/View.php(224): include('/home/symfony.pymac.fr/web/codeigniter/app/Views/home.php')
 4 SYSTEMPATH/View/View.php(227): CodeIgniter\View\View->CodeIgniter\View\{closure}()
 5 SYSTEMPATH/Common.php(1180): CodeIgniter\View\View->render()
 6 APPPATH/Controllers/HomeController.php(14): view()
 7 SYSTEMPATH/CodeIgniter.php(932): App\Controllers\HomeController->index()
 8 SYSTEMPATH/CodeIgniter.php(497): CodeIgniter\CodeIgniter->runController()
 9 SYSTEMPATH/CodeIgniter.php(366): CodeIgniter\CodeIgniter->handleRequest()
10 FCPATH/index.php(67): CodeIgniter\CodeIgniter->run()
