CRITICAL - 2023-08-25 12:10:30 --> Invalid file: ".php"
in SYSTEMPATH/Exceptions/FrameworkException.php on line 33.
 1 SYSTEMPATH/View/View.php(212): CodeIgniter\Exceptions\FrameworkException::forInvalidFile()
 2 SYSTEMPATH/Common.php(1180): CodeIgniter\View\View->render()
 3 APPPATH/Controllers/LogController.php(73): view()
 4 APPPATH/Controllers/LogController.php(54): App\Controllers\LogController->processLogin()
 5 SYSTEMPATH/CodeIgniter.php(932): App\Controllers\LogController->login()
 6 SYSTEMPATH/CodeIgniter.php(497): CodeIgniter\CodeIgniter->runController()
 7 SYSTEMPATH/CodeIgniter.php(366): CodeIgniter\CodeIgniter->handleRequest()
 8 FCPATH/index.php(67): CodeIgniter\CodeIgniter->run()
ERROR - 2023-08-25 12:24:23 --> mysqli_sql_exception: Unknown column 'admin' in 'field list' in /home/symfony.pymac.fr/web/codeigniter/vendor/codeigniter4/framework/system/Database/MySQLi/Connection.php:295
Stack trace:
#0 /home/symfony.pymac.fr/web/codeigniter/vendor/codeigniter4/framework/system/Database/MySQLi/Connection.php(295): mysqli->query()
#1 /home/symfony.pymac.fr/web/codeigniter/vendor/codeigniter4/framework/system/Database/BaseConnection.php(692): CodeIgniter\Database\MySQLi\Connection->execute()
#2 /home/symfony.pymac.fr/web/codeigniter/vendor/codeigniter4/framework/system/Database/BaseConnection.php(606): CodeIgniter\Database\BaseConnection->simpleQuery()
#3 /home/symfony.pymac.fr/web/codeigniter/vendor/codeigniter4/framework/system/Database/BaseBuilder.php(2309): CodeIgniter\Database\BaseConnection->query()
#4 /home/symfony.pymac.fr/web/codeigniter/app/Models/UtilisateursModel.php(22): CodeIgniter\Database\BaseBuilder->insert()
#5 /home/symfony.pymac.fr/web/codeigniter/app/Controllers/LogController.php(43): App\Models\UtilisateursModel->registerUser()
#6 /home/symfony.pymac.fr/web/codeigniter/app/Controllers/LogController.php(19): App\Controllers\LogController->processRegistration()
#7 /home/symfony.pymac.fr/web/codeigniter/vendor/codeigniter4/framework/system/CodeIgniter.php(932): App\Controllers\LogController->register()
#8 /home/symfony.pymac.fr/web/codeigniter/vendor/codeigniter4/framework/system/CodeIgniter.php(497): CodeIgniter\CodeIgniter->runController()
#9 /home/symfony.pymac.fr/web/codeigniter/vendor/codeigniter4/framework/system/CodeIgniter.php(366): CodeIgniter\CodeIgniter->handleRequest()
#10 /home/symfony.pymac.fr/web/codeigniter/public/index.php(67): CodeIgniter\CodeIgniter->run()
#11 {main}
CRITICAL - 2023-08-25 12:24:23 --> Unknown column 'admin' in 'field list'
in SYSTEMPATH/Database/MySQLi/Connection.php on line 295.
 1 SYSTEMPATH/Database/MySQLi/Connection.php(295): mysqli->query()
 2 SYSTEMPATH/Database/BaseConnection.php(692): CodeIgniter\Database\MySQLi\Connection->execute()
 3 SYSTEMPATH/Database/BaseConnection.php(606): CodeIgniter\Database\BaseConnection->simpleQuery()
 4 SYSTEMPATH/Database/BaseBuilder.php(2309): CodeIgniter\Database\BaseConnection->query()
 5 APPPATH/Models/UtilisateursModel.php(22): CodeIgniter\Database\BaseBuilder->insert()
 6 APPPATH/Controllers/LogController.php(43): App\Models\UtilisateursModel->registerUser()
 7 APPPATH/Controllers/LogController.php(19): App\Controllers\LogController->processRegistration()
 8 SYSTEMPATH/CodeIgniter.php(932): App\Controllers\LogController->register()
 9 SYSTEMPATH/CodeIgniter.php(497): CodeIgniter\CodeIgniter->runController()
10 SYSTEMPATH/CodeIgniter.php(366): CodeIgniter\CodeIgniter->handleRequest()
11 FCPATH/index.php(67): CodeIgniter\CodeIgniter->run()
ERROR - 2023-08-25 12:27:02 --> mysqli_sql_exception: Unknown column 'admin' in 'field list' in /home/symfony.pymac.fr/web/codeigniter/vendor/codeigniter4/framework/system/Database/MySQLi/Connection.php:295
Stack trace:
#0 /home/symfony.pymac.fr/web/codeigniter/vendor/codeigniter4/framework/system/Database/MySQLi/Connection.php(295): mysqli->query()
#1 /home/symfony.pymac.fr/web/codeigniter/vendor/codeigniter4/framework/system/Database/BaseConnection.php(692): CodeIgniter\Database\MySQLi\Connection->execute()
#2 /home/symfony.pymac.fr/web/codeigniter/vendor/codeigniter4/framework/system/Database/BaseConnection.php(606): CodeIgniter\Database\BaseConnection->simpleQuery()
#3 /home/symfony.pymac.fr/web/codeigniter/vendor/codeigniter4/framework/system/Database/BaseBuilder.php(2309): CodeIgniter\Database\BaseConnection->query()
#4 /home/symfony.pymac.fr/web/codeigniter/app/Models/UtilisateursModel.php(22): CodeIgniter\Database\BaseBuilder->insert()
#5 /home/symfony.pymac.fr/web/codeigniter/app/Controllers/LogController.php(43): App\Models\UtilisateursModel->registerUser()
#6 /home/symfony.pymac.fr/web/codeigniter/app/Controllers/LogController.php(19): App\Controllers\LogController->processRegistration()
#7 /home/symfony.pymac.fr/web/codeigniter/vendor/codeigniter4/framework/system/CodeIgniter.php(932): App\Controllers\LogController->register()
#8 /home/symfony.pymac.fr/web/codeigniter/vendor/codeigniter4/framework/system/CodeIgniter.php(497): CodeIgniter\CodeIgniter->runController()
#9 /home/symfony.pymac.fr/web/codeigniter/vendor/codeigniter4/framework/system/CodeIgniter.php(366): CodeIgniter\CodeIgniter->handleRequest()
#10 /home/symfony.pymac.fr/web/codeigniter/public/index.php(67): CodeIgniter\CodeIgniter->run()
#11 {main}
CRITICAL - 2023-08-25 12:27:02 --> Unknown column 'admin' in 'field list'
in SYSTEMPATH/Database/MySQLi/Connection.php on line 295.
 1 SYSTEMPATH/Database/MySQLi/Connection.php(295): mysqli->query()
 2 SYSTEMPATH/Database/BaseConnection.php(692): CodeIgniter\Database\MySQLi\Connection->execute()
 3 SYSTEMPATH/Database/BaseConnection.php(606): CodeIgniter\Database\BaseConnection->simpleQuery()
 4 SYSTEMPATH/Database/BaseBuilder.php(2309): CodeIgniter\Database\BaseConnection->query()
 5 APPPATH/Models/UtilisateursModel.php(22): CodeIgniter\Database\BaseBuilder->insert()
 6 APPPATH/Controllers/LogController.php(43): App\Models\UtilisateursModel->registerUser()
 7 APPPATH/Controllers/LogController.php(19): App\Controllers\LogController->processRegistration()
 8 SYSTEMPATH/CodeIgniter.php(932): App\Controllers\LogController->register()
 9 SYSTEMPATH/CodeIgniter.php(497): CodeIgniter\CodeIgniter->runController()
10 SYSTEMPATH/CodeIgniter.php(366): CodeIgniter\CodeIgniter->handleRequest()
11 FCPATH/index.php(67): CodeIgniter\CodeIgniter->run()
