CRITICAL - 2023-07-28 08:49:35 --> Call to undefined function App\Controllers\flash()
in APPPATH/Controllers/LogController.php on line 25.
 1 SYSTEMPATH/CodeIgniter.php(932): App\Controllers\LogController->register()
 2 SYSTEMPATH/CodeIgniter.php(497): CodeIgniter\CodeIgniter->runController()
 3 SYSTEMPATH/CodeIgniter.php(366): CodeIgniter\CodeIgniter->handleRequest()
 4 FCPATH/index.php(67): CodeIgniter\CodeIgniter->run()
CRITICAL - 2023-07-28 08:49:41 --> Call to undefined function App\Controllers\flash()
in APPPATH/Controllers/LogController.php on line 25.
 1 SYSTEMPATH/CodeIgniter.php(932): App\Controllers\LogController->register()
 2 SYSTEMPATH/CodeIgniter.php(497): CodeIgniter\CodeIgniter->runController()
 3 SYSTEMPATH/CodeIgniter.php(366): CodeIgniter\CodeIgniter->handleRequest()
 4 FCPATH/index.php(67): CodeIgniter\CodeIgniter->run()
CRITICAL - 2023-07-28 08:50:48 --> Call to undefined function App\Controllers\flash()
in APPPATH/Controllers/LogController.php on line 26.
 1 SYSTEMPATH/CodeIgniter.php(932): App\Controllers\LogController->register()
 2 SYSTEMPATH/CodeIgniter.php(497): CodeIgniter\CodeIgniter->runController()
 3 SYSTEMPATH/CodeIgniter.php(366): CodeIgniter\CodeIgniter->handleRequest()
 4 FCPATH/index.php(67): CodeIgniter\CodeIgniter->run()
CRITICAL - 2023-07-28 08:50:49 --> Call to undefined function App\Controllers\flash()
in APPPATH/Controllers/LogController.php on line 26.
 1 SYSTEMPATH/CodeIgniter.php(932): App\Controllers\LogController->register()
 2 SYSTEMPATH/CodeIgniter.php(497): CodeIgniter\CodeIgniter->runController()
 3 SYSTEMPATH/CodeIgniter.php(366): CodeIgniter\CodeIgniter->handleRequest()
 4 FCPATH/index.php(67): CodeIgniter\CodeIgniter->run()
CRITICAL - 2023-07-28 08:50:49 --> Call to undefined function App\Controllers\flash()
in APPPATH/Controllers/LogController.php on line 26.
 1 SYSTEMPATH/CodeIgniter.php(932): App\Controllers\LogController->register()
 2 SYSTEMPATH/CodeIgniter.php(497): CodeIgniter\CodeIgniter->runController()
 3 SYSTEMPATH/CodeIgniter.php(366): CodeIgniter\CodeIgniter->handleRequest()
 4 FCPATH/index.php(67): CodeIgniter\CodeIgniter->run()
CRITICAL - 2023-07-28 08:50:49 --> Call to undefined function App\Controllers\flash()
in APPPATH/Controllers/LogController.php on line 26.
 1 SYSTEMPATH/CodeIgniter.php(932): App\Controllers\LogController->register()
 2 SYSTEMPATH/CodeIgniter.php(497): CodeIgniter\CodeIgniter->runController()
 3 SYSTEMPATH/CodeIgniter.php(366): CodeIgniter\CodeIgniter->handleRequest()
 4 FCPATH/index.php(67): CodeIgniter\CodeIgniter->run()
CRITICAL - 2023-07-28 08:50:49 --> Call to undefined function App\Controllers\flash()
in APPPATH/Controllers/LogController.php on line 26.
 1 SYSTEMPATH/CodeIgniter.php(932): App\Controllers\LogController->register()
 2 SYSTEMPATH/CodeIgniter.php(497): CodeIgniter\CodeIgniter->runController()
 3 SYSTEMPATH/CodeIgniter.php(366): CodeIgniter\CodeIgniter->handleRequest()
 4 FCPATH/index.php(67): CodeIgniter\CodeIgniter->run()
CRITICAL - 2023-07-28 08:50:50 --> Call to undefined function App\Controllers\flash()
in APPPATH/Controllers/LogController.php on line 26.
 1 SYSTEMPATH/CodeIgniter.php(932): App\Controllers\LogController->register()
 2 SYSTEMPATH/CodeIgniter.php(497): CodeIgniter\CodeIgniter->runController()
 3 SYSTEMPATH/CodeIgniter.php(366): CodeIgniter\CodeIgniter->handleRequest()
 4 FCPATH/index.php(67): CodeIgniter\CodeIgniter->run()
CRITICAL - 2023-07-28 08:50:56 --> Call to undefined function App\Controllers\flash()
in APPPATH/Controllers/LogController.php on line 26.
 1 SYSTEMPATH/CodeIgniter.php(932): App\Controllers\LogController->register()
 2 SYSTEMPATH/CodeIgniter.php(497): CodeIgniter\CodeIgniter->runController()
 3 SYSTEMPATH/CodeIgniter.php(366): CodeIgniter\CodeIgniter->handleRequest()
 4 FCPATH/index.php(67): CodeIgniter\CodeIgniter->run()
CRITICAL - 2023-07-28 08:50:56 --> Call to undefined function App\Controllers\flash()
in APPPATH/Controllers/LogController.php on line 26.
 1 SYSTEMPATH/CodeIgniter.php(932): App\Controllers\LogController->register()
 2 SYSTEMPATH/CodeIgniter.php(497): CodeIgniter\CodeIgniter->runController()
 3 SYSTEMPATH/CodeIgniter.php(366): CodeIgniter\CodeIgniter->handleRequest()
 4 FCPATH/index.php(67): CodeIgniter\CodeIgniter->run()
CRITICAL - 2023-07-28 08:50:57 --> Call to undefined function App\Controllers\flash()
in APPPATH/Controllers/LogController.php on line 26.
 1 SYSTEMPATH/CodeIgniter.php(932): App\Controllers\LogController->register()
 2 SYSTEMPATH/CodeIgniter.php(497): CodeIgniter\CodeIgniter->runController()
 3 SYSTEMPATH/CodeIgniter.php(366): CodeIgniter\CodeIgniter->handleRequest()
 4 FCPATH/index.php(67): CodeIgniter\CodeIgniter->run()
CRITICAL - 2023-07-28 08:50:57 --> Call to undefined function App\Controllers\flash()
in APPPATH/Controllers/LogController.php on line 26.
 1 SYSTEMPATH/CodeIgniter.php(932): App\Controllers\LogController->register()
 2 SYSTEMPATH/CodeIgniter.php(497): CodeIgniter\CodeIgniter->runController()
 3 SYSTEMPATH/CodeIgniter.php(366): CodeIgniter\CodeIgniter->handleRequest()
 4 FCPATH/index.php(67): CodeIgniter\CodeIgniter->run()
CRITICAL - 2023-07-28 08:50:57 --> Call to undefined function App\Controllers\flash()
in APPPATH/Controllers/LogController.php on line 26.
 1 SYSTEMPATH/CodeIgniter.php(932): App\Controllers\LogController->register()
 2 SYSTEMPATH/CodeIgniter.php(497): CodeIgniter\CodeIgniter->runController()
 3 SYSTEMPATH/CodeIgniter.php(366): CodeIgniter\CodeIgniter->handleRequest()
 4 FCPATH/index.php(67): CodeIgniter\CodeIgniter->run()
CRITICAL - 2023-07-28 08:50:57 --> Call to undefined function App\Controllers\flash()
in APPPATH/Controllers/LogController.php on line 26.
 1 SYSTEMPATH/CodeIgniter.php(932): App\Controllers\LogController->register()
 2 SYSTEMPATH/CodeIgniter.php(497): CodeIgniter\CodeIgniter->runController()
 3 SYSTEMPATH/CodeIgniter.php(366): CodeIgniter\CodeIgniter->handleRequest()
 4 FCPATH/index.php(67): CodeIgniter\CodeIgniter->run()
CRITICAL - 2023-07-28 08:51:33 --> CodeIgniter\Autoloader\Autoloader::main(): Failed opening required '../helpers/session_helper.php' (include_path='.:/usr/share/php')
in APPPATH/Controllers/LogController.php on line 6.
 1 [internal function]: CodeIgniter\Debug\Exceptions->shutdownHandler()
CRITICAL - 2023-07-28 08:51:35 --> CodeIgniter\Autoloader\Autoloader::main(): Failed opening required '../helpers/session_helper.php' (include_path='.:/usr/share/php')
in APPPATH/Controllers/LogController.php on line 6.
 1 [internal function]: CodeIgniter\Debug\Exceptions->shutdownHandler()
CRITICAL - 2023-07-28 08:51:35 --> CodeIgniter\Autoloader\Autoloader::main(): Failed opening required '../helpers/session_helper.php' (include_path='.:/usr/share/php')
in APPPATH/Controllers/LogController.php on line 6.
 1 [internal function]: CodeIgniter\Debug\Exceptions->shutdownHandler()
CRITICAL - 2023-07-28 08:51:35 --> CodeIgniter\Autoloader\Autoloader::main(): Failed opening required '../helpers/session_helper.php' (include_path='.:/usr/share/php')
in APPPATH/Controllers/LogController.php on line 6.
 1 [internal function]: CodeIgniter\Debug\Exceptions->shutdownHandler()
CRITICAL - 2023-07-28 08:51:36 --> CodeIgniter\Autoloader\Autoloader::main(): Failed opening required '../helpers/session_helper.php' (include_path='.:/usr/share/php')
in APPPATH/Controllers/LogController.php on line 6.
 1 [internal function]: CodeIgniter\Debug\Exceptions->shutdownHandler()
CRITICAL - 2023-07-28 08:51:36 --> CodeIgniter\Autoloader\Autoloader::main(): Failed opening required '../helpers/session_helper.php' (include_path='.:/usr/share/php')
in APPPATH/Controllers/LogController.php on line 6.
 1 [internal function]: CodeIgniter\Debug\Exceptions->shutdownHandler()
CRITICAL - 2023-07-28 08:51:36 --> CodeIgniter\Autoloader\Autoloader::main(): Failed opening required '../helpers/session_helper.php' (include_path='.:/usr/share/php')
in APPPATH/Controllers/LogController.php on line 6.
 1 [internal function]: CodeIgniter\Debug\Exceptions->shutdownHandler()
CRITICAL - 2023-07-28 08:51:37 --> CodeIgniter\Autoloader\Autoloader::main(): Failed opening required '../helpers/session_helper.php' (include_path='.:/usr/share/php')
in APPPATH/Controllers/LogController.php on line 6.
 1 [internal function]: CodeIgniter\Debug\Exceptions->shutdownHandler()
CRITICAL - 2023-07-28 08:51:56 --> CodeIgniter\Autoloader\Autoloader::main(): Failed opening required '../Helpers/session_helper.php' (include_path='.:/usr/share/php')
in APPPATH/Controllers/LogController.php on line 6.
 1 [internal function]: CodeIgniter\Debug\Exceptions->shutdownHandler()
CRITICAL - 2023-07-28 08:51:57 --> CodeIgniter\Autoloader\Autoloader::main(): Failed opening required '../Helpers/session_helper.php' (include_path='.:/usr/share/php')
in APPPATH/Controllers/LogController.php on line 6.
 1 [internal function]: CodeIgniter\Debug\Exceptions->shutdownHandler()
CRITICAL - 2023-07-28 08:51:57 --> CodeIgniter\Autoloader\Autoloader::main(): Failed opening required '../Helpers/session_helper.php' (include_path='.:/usr/share/php')
in APPPATH/Controllers/LogController.php on line 6.
 1 [internal function]: CodeIgniter\Debug\Exceptions->shutdownHandler()
CRITICAL - 2023-07-28 08:51:57 --> CodeIgniter\Autoloader\Autoloader::main(): Failed opening required '../Helpers/session_helper.php' (include_path='.:/usr/share/php')
in APPPATH/Controllers/LogController.php on line 6.
 1 [internal function]: CodeIgniter\Debug\Exceptions->shutdownHandler()
CRITICAL - 2023-07-28 08:51:57 --> CodeIgniter\Autoloader\Autoloader::main(): Failed opening required '../Helpers/session_helper.php' (include_path='.:/usr/share/php')
in APPPATH/Controllers/LogController.php on line 6.
 1 [internal function]: CodeIgniter\Debug\Exceptions->shutdownHandler()
CRITICAL - 2023-07-28 08:52:29 --> CodeIgniter\Autoloader\Autoloader::main(): Failed opening required '../Models/UtilisateursModel.php' (include_path='.:/usr/share/php')
in APPPATH/Controllers/LogController.php on line 5.
 1 [internal function]: CodeIgniter\Debug\Exceptions->shutdownHandler()
CRITICAL - 2023-07-28 08:53:12 --> CodeIgniter\Autoloader\Autoloader::main(): Failed opening required '/home/symfony.pymac.fr/web/codeigniter/app/../Models/UtilisateursModel.php' (include_path='.:/usr/share/php')
in APPPATH/Controllers/LogController.php on line 5.
 1 [internal function]: CodeIgniter\Debug\Exceptions->shutdownHandler()
CRITICAL - 2023-07-28 08:53:14 --> CodeIgniter\Autoloader\Autoloader::main(): Failed opening required '/home/symfony.pymac.fr/web/codeigniter/app/../Models/UtilisateursModel.php' (include_path='.:/usr/share/php')
in APPPATH/Controllers/LogController.php on line 5.
 1 [internal function]: CodeIgniter\Debug\Exceptions->shutdownHandler()
CRITICAL - 2023-07-28 08:53:14 --> CodeIgniter\Autoloader\Autoloader::main(): Failed opening required '/home/symfony.pymac.fr/web/codeigniter/app/../Models/UtilisateursModel.php' (include_path='.:/usr/share/php')
in APPPATH/Controllers/LogController.php on line 5.
 1 [internal function]: CodeIgniter\Debug\Exceptions->shutdownHandler()
CRITICAL - 2023-07-28 08:53:20 --> CodeIgniter\Autoloader\Autoloader::main(): Failed opening required '../Models/UtilisateursModel.php' (include_path='.:/usr/share/php')
in APPPATH/Controllers/LogController.php on line 5.
 1 [internal function]: CodeIgniter\Debug\Exceptions->shutdownHandler()
CRITICAL - 2023-07-28 08:55:10 --> Call to undefined function App\Controllers\flash()
in APPPATH/Controllers/LogController.php on line 26.
 1 SYSTEMPATH/CodeIgniter.php(932): App\Controllers\LogController->register()
 2 SYSTEMPATH/CodeIgniter.php(497): CodeIgniter\CodeIgniter->runController()
 3 SYSTEMPATH/CodeIgniter.php(366): CodeIgniter\CodeIgniter->handleRequest()
 4 FCPATH/index.php(67): CodeIgniter\CodeIgniter->run()
CRITICAL - 2023-07-28 08:56:02 --> Call to undefined function App\Controllers\flash()
in APPPATH/Controllers/LogController.php on line 26.
 1 SYSTEMPATH/CodeIgniter.php(932): App\Controllers\LogController->register()
 2 SYSTEMPATH/CodeIgniter.php(497): CodeIgniter\CodeIgniter->runController()
 3 SYSTEMPATH/CodeIgniter.php(366): CodeIgniter\CodeIgniter->handleRequest()
 4 FCPATH/index.php(67): CodeIgniter\CodeIgniter->run()
CRITICAL - 2023-07-28 08:56:03 --> Call to undefined function App\Controllers\flash()
in APPPATH/Controllers/LogController.php on line 26.
 1 SYSTEMPATH/CodeIgniter.php(932): App\Controllers\LogController->register()
 2 SYSTEMPATH/CodeIgniter.php(497): CodeIgniter\CodeIgniter->runController()
 3 SYSTEMPATH/CodeIgniter.php(366): CodeIgniter\CodeIgniter->handleRequest()
 4 FCPATH/index.php(67): CodeIgniter\CodeIgniter->run()
CRITICAL - 2023-07-28 08:57:30 --> Call to undefined function App\Controllers\flash()
in APPPATH/Controllers/LogController.php on line 26.
 1 SYSTEMPATH/CodeIgniter.php(932): App\Controllers\LogController->register()
 2 SYSTEMPATH/CodeIgniter.php(497): CodeIgniter\CodeIgniter->runController()
 3 SYSTEMPATH/CodeIgniter.php(366): CodeIgniter\CodeIgniter->handleRequest()
 4 FCPATH/index.php(67): CodeIgniter\CodeIgniter->run()
CRITICAL - 2023-07-28 08:57:30 --> Call to undefined function App\Controllers\flash()
in APPPATH/Controllers/LogController.php on line 26.
 1 SYSTEMPATH/CodeIgniter.php(932): App\Controllers\LogController->register()
 2 SYSTEMPATH/CodeIgniter.php(497): CodeIgniter\CodeIgniter->runController()
 3 SYSTEMPATH/CodeIgniter.php(366): CodeIgniter\CodeIgniter->handleRequest()
 4 FCPATH/index.php(67): CodeIgniter\CodeIgniter->run()
CRITICAL - 2023-07-28 08:57:32 --> Call to undefined function App\Controllers\flash()
in APPPATH/Controllers/LogController.php on line 26.
 1 SYSTEMPATH/CodeIgniter.php(932): App\Controllers\LogController->register()
 2 SYSTEMPATH/CodeIgniter.php(497): CodeIgniter\CodeIgniter->runController()
 3 SYSTEMPATH/CodeIgniter.php(366): CodeIgniter\CodeIgniter->handleRequest()
 4 FCPATH/index.php(67): CodeIgniter\CodeIgniter->run()
CRITICAL - 2023-07-28 08:57:32 --> Call to undefined function App\Controllers\flash()
in APPPATH/Controllers/LogController.php on line 26.
 1 SYSTEMPATH/CodeIgniter.php(932): App\Controllers\LogController->register()
 2 SYSTEMPATH/CodeIgniter.php(497): CodeIgniter\CodeIgniter->runController()
 3 SYSTEMPATH/CodeIgniter.php(366): CodeIgniter\CodeIgniter->handleRequest()
 4 FCPATH/index.php(67): CodeIgniter\CodeIgniter->run()
CRITICAL - 2023-07-28 08:57:32 --> Call to undefined function App\Controllers\flash()
in APPPATH/Controllers/LogController.php on line 26.
 1 SYSTEMPATH/CodeIgniter.php(932): App\Controllers\LogController->register()
 2 SYSTEMPATH/CodeIgniter.php(497): CodeIgniter\CodeIgniter->runController()
 3 SYSTEMPATH/CodeIgniter.php(366): CodeIgniter\CodeIgniter->handleRequest()
 4 FCPATH/index.php(67): CodeIgniter\CodeIgniter->run()
CRITICAL - 2023-07-28 08:57:33 --> Call to undefined function App\Controllers\flash()
in APPPATH/Controllers/LogController.php on line 26.
 1 SYSTEMPATH/CodeIgniter.php(932): App\Controllers\LogController->register()
 2 SYSTEMPATH/CodeIgniter.php(497): CodeIgniter\CodeIgniter->runController()
 3 SYSTEMPATH/CodeIgniter.php(366): CodeIgniter\CodeIgniter->handleRequest()
 4 FCPATH/index.php(67): CodeIgniter\CodeIgniter->run()
CRITICAL - 2023-07-28 08:57:36 --> Call to undefined function App\Controllers\flash()
in APPPATH/Controllers/LogController.php on line 26.
 1 SYSTEMPATH/CodeIgniter.php(932): App\Controllers\LogController->register()
 2 SYSTEMPATH/CodeIgniter.php(497): CodeIgniter\CodeIgniter->runController()
 3 SYSTEMPATH/CodeIgniter.php(366): CodeIgniter\CodeIgniter->handleRequest()
 4 FCPATH/index.php(67): CodeIgniter\CodeIgniter->run()
CRITICAL - 2023-07-28 08:57:36 --> Call to undefined function App\Controllers\flash()
in APPPATH/Controllers/LogController.php on line 26.
 1 SYSTEMPATH/CodeIgniter.php(932): App\Controllers\LogController->register()
 2 SYSTEMPATH/CodeIgniter.php(497): CodeIgniter\CodeIgniter->runController()
 3 SYSTEMPATH/CodeIgniter.php(366): CodeIgniter\CodeIgniter->handleRequest()
 4 FCPATH/index.php(67): CodeIgniter\CodeIgniter->run()
CRITICAL - 2023-07-28 08:57:36 --> Call to undefined function App\Controllers\flash()
in APPPATH/Controllers/LogController.php on line 26.
 1 SYSTEMPATH/CodeIgniter.php(932): App\Controllers\LogController->register()
 2 SYSTEMPATH/CodeIgniter.php(497): CodeIgniter\CodeIgniter->runController()
 3 SYSTEMPATH/CodeIgniter.php(366): CodeIgniter\CodeIgniter->handleRequest()
 4 FCPATH/index.php(67): CodeIgniter\CodeIgniter->run()
CRITICAL - 2023-07-28 08:57:37 --> Call to undefined function App\Controllers\flash()
in APPPATH/Controllers/LogController.php on line 26.
 1 SYSTEMPATH/CodeIgniter.php(932): App\Controllers\LogController->register()
 2 SYSTEMPATH/CodeIgniter.php(497): CodeIgniter\CodeIgniter->runController()
 3 SYSTEMPATH/CodeIgniter.php(366): CodeIgniter\CodeIgniter->handleRequest()
 4 FCPATH/index.php(67): CodeIgniter\CodeIgniter->run()
CRITICAL - 2023-07-28 08:57:37 --> Call to undefined function App\Controllers\flash()
in APPPATH/Controllers/LogController.php on line 26.
 1 SYSTEMPATH/CodeIgniter.php(932): App\Controllers\LogController->register()
 2 SYSTEMPATH/CodeIgniter.php(497): CodeIgniter\CodeIgniter->runController()
 3 SYSTEMPATH/CodeIgniter.php(366): CodeIgniter\CodeIgniter->handleRequest()
 4 FCPATH/index.php(67): CodeIgniter\CodeIgniter->run()
CRITICAL - 2023-07-28 08:58:02 --> Call to undefined function App\Controllers\flash()
in APPPATH/Controllers/LogController.php on line 26.
 1 SYSTEMPATH/CodeIgniter.php(932): App\Controllers\LogController->register()
 2 SYSTEMPATH/CodeIgniter.php(497): CodeIgniter\CodeIgniter->runController()
 3 SYSTEMPATH/CodeIgniter.php(366): CodeIgniter\CodeIgniter->handleRequest()
 4 FCPATH/index.php(67): CodeIgniter\CodeIgniter->run()
CRITICAL - 2023-07-28 08:58:03 --> Call to undefined function App\Controllers\flash()
in APPPATH/Controllers/LogController.php on line 26.
 1 SYSTEMPATH/CodeIgniter.php(932): App\Controllers\LogController->register()
 2 SYSTEMPATH/CodeIgniter.php(497): CodeIgniter\CodeIgniter->runController()
 3 SYSTEMPATH/CodeIgniter.php(366): CodeIgniter\CodeIgniter->handleRequest()
 4 FCPATH/index.php(67): CodeIgniter\CodeIgniter->run()
CRITICAL - 2023-07-28 08:58:03 --> Call to undefined function App\Controllers\flash()
in APPPATH/Controllers/LogController.php on line 26.
 1 SYSTEMPATH/CodeIgniter.php(932): App\Controllers\LogController->register()
 2 SYSTEMPATH/CodeIgniter.php(497): CodeIgniter\CodeIgniter->runController()
 3 SYSTEMPATH/CodeIgniter.php(366): CodeIgniter\CodeIgniter->handleRequest()
 4 FCPATH/index.php(67): CodeIgniter\CodeIgniter->run()
CRITICAL - 2023-07-28 08:58:03 --> Call to undefined function App\Controllers\flash()
in APPPATH/Controllers/LogController.php on line 26.
 1 SYSTEMPATH/CodeIgniter.php(932): App\Controllers\LogController->register()
 2 SYSTEMPATH/CodeIgniter.php(497): CodeIgniter\CodeIgniter->runController()
 3 SYSTEMPATH/CodeIgniter.php(366): CodeIgniter\CodeIgniter->handleRequest()
 4 FCPATH/index.php(67): CodeIgniter\CodeIgniter->run()
CRITICAL - 2023-07-28 08:58:04 --> Call to undefined function App\Controllers\flash()
in APPPATH/Controllers/LogController.php on line 26.
 1 SYSTEMPATH/CodeIgniter.php(932): App\Controllers\LogController->register()
 2 SYSTEMPATH/CodeIgniter.php(497): CodeIgniter\CodeIgniter->runController()
 3 SYSTEMPATH/CodeIgniter.php(366): CodeIgniter\CodeIgniter->handleRequest()
 4 FCPATH/index.php(67): CodeIgniter\CodeIgniter->run()
CRITICAL - 2023-07-28 08:58:04 --> Call to undefined function App\Controllers\flash()
in APPPATH/Controllers/LogController.php on line 26.
 1 SYSTEMPATH/CodeIgniter.php(932): App\Controllers\LogController->register()
 2 SYSTEMPATH/CodeIgniter.php(497): CodeIgniter\CodeIgniter->runController()
 3 SYSTEMPATH/CodeIgniter.php(366): CodeIgniter\CodeIgniter->handleRequest()
 4 FCPATH/index.php(67): CodeIgniter\CodeIgniter->run()
CRITICAL - 2023-07-28 08:58:04 --> Call to undefined function App\Controllers\flash()
in APPPATH/Controllers/LogController.php on line 26.
 1 SYSTEMPATH/CodeIgniter.php(932): App\Controllers\LogController->register()
 2 SYSTEMPATH/CodeIgniter.php(497): CodeIgniter\CodeIgniter->runController()
 3 SYSTEMPATH/CodeIgniter.php(366): CodeIgniter\CodeIgniter->handleRequest()
 4 FCPATH/index.php(67): CodeIgniter\CodeIgniter->run()
CRITICAL - 2023-07-28 08:58:04 --> Call to undefined function App\Controllers\flash()
in APPPATH/Controllers/LogController.php on line 26.
 1 SYSTEMPATH/CodeIgniter.php(932): App\Controllers\LogController->register()
 2 SYSTEMPATH/CodeIgniter.php(497): CodeIgniter\CodeIgniter->runController()
 3 SYSTEMPATH/CodeIgniter.php(366): CodeIgniter\CodeIgniter->handleRequest()
 4 FCPATH/index.php(67): CodeIgniter\CodeIgniter->run()
CRITICAL - 2023-07-28 08:58:04 --> Call to undefined function App\Controllers\flash()
in APPPATH/Controllers/LogController.php on line 26.
 1 SYSTEMPATH/CodeIgniter.php(932): App\Controllers\LogController->register()
 2 SYSTEMPATH/CodeIgniter.php(497): CodeIgniter\CodeIgniter->runController()
 3 SYSTEMPATH/CodeIgniter.php(366): CodeIgniter\CodeIgniter->handleRequest()
 4 FCPATH/index.php(67): CodeIgniter\CodeIgniter->run()
CRITICAL - 2023-07-28 08:58:04 --> Call to undefined function App\Controllers\flash()
in APPPATH/Controllers/LogController.php on line 26.
 1 SYSTEMPATH/CodeIgniter.php(932): App\Controllers\LogController->register()
 2 SYSTEMPATH/CodeIgniter.php(497): CodeIgniter\CodeIgniter->runController()
 3 SYSTEMPATH/CodeIgniter.php(366): CodeIgniter\CodeIgniter->handleRequest()
 4 FCPATH/index.php(67): CodeIgniter\CodeIgniter->run()
CRITICAL - 2023-07-28 09:15:07 --> Call to undefined function App\Controllers\flash()
in APPPATH/Controllers/LogController.php on line 26.
 1 SYSTEMPATH/CodeIgniter.php(932): App\Controllers\LogController->register()
 2 SYSTEMPATH/CodeIgniter.php(497): CodeIgniter\CodeIgniter->runController()
 3 SYSTEMPATH/CodeIgniter.php(366): CodeIgniter\CodeIgniter->handleRequest()
 4 FCPATH/index.php(67): CodeIgniter\CodeIgniter->run()
CRITICAL - 2023-07-28 09:15:07 --> Call to undefined function App\Controllers\flash()
in APPPATH/Controllers/LogController.php on line 26.
 1 SYSTEMPATH/CodeIgniter.php(932): App\Controllers\LogController->register()
 2 SYSTEMPATH/CodeIgniter.php(497): CodeIgniter\CodeIgniter->runController()
 3 SYSTEMPATH/CodeIgniter.php(366): CodeIgniter\CodeIgniter->handleRequest()
 4 FCPATH/index.php(67): CodeIgniter\CodeIgniter->run()
CRITICAL - 2023-07-28 09:15:08 --> Call to undefined function App\Controllers\flash()
in APPPATH/Controllers/LogController.php on line 26.
 1 SYSTEMPATH/CodeIgniter.php(932): App\Controllers\LogController->register()
 2 SYSTEMPATH/CodeIgniter.php(497): CodeIgniter\CodeIgniter->runController()
 3 SYSTEMPATH/CodeIgniter.php(366): CodeIgniter\CodeIgniter->handleRequest()
 4 FCPATH/index.php(67): CodeIgniter\CodeIgniter->run()
CRITICAL - 2023-07-28 09:16:38 --> Call to undefined function App\Controllers\flash()
in APPPATH/Controllers/LogController.php on line 26.
 1 SYSTEMPATH/CodeIgniter.php(932): App\Controllers\LogController->register()
 2 SYSTEMPATH/CodeIgniter.php(497): CodeIgniter\CodeIgniter->runController()
 3 SYSTEMPATH/CodeIgniter.php(366): CodeIgniter\CodeIgniter->handleRequest()
 4 FCPATH/index.php(67): CodeIgniter\CodeIgniter->run()
CRITICAL - 2023-07-28 09:16:39 --> Call to undefined function App\Controllers\flash()
in APPPATH/Controllers/LogController.php on line 26.
 1 SYSTEMPATH/CodeIgniter.php(932): App\Controllers\LogController->register()
 2 SYSTEMPATH/CodeIgniter.php(497): CodeIgniter\CodeIgniter->runController()
 3 SYSTEMPATH/CodeIgniter.php(366): CodeIgniter\CodeIgniter->handleRequest()
 4 FCPATH/index.php(67): CodeIgniter\CodeIgniter->run()
CRITICAL - 2023-07-28 09:16:39 --> Call to undefined function App\Controllers\flash()
in APPPATH/Controllers/LogController.php on line 26.
 1 SYSTEMPATH/CodeIgniter.php(932): App\Controllers\LogController->register()
 2 SYSTEMPATH/CodeIgniter.php(497): CodeIgniter\CodeIgniter->runController()
 3 SYSTEMPATH/CodeIgniter.php(366): CodeIgniter\CodeIgniter->handleRequest()
 4 FCPATH/index.php(67): CodeIgniter\CodeIgniter->run()
CRITICAL - 2023-07-28 09:17:12 --> Cannot redeclare redirect() (previously declared in /home/symfony.pymac.fr/web/codeigniter/vendor/codeigniter4/framework/system/Common.php:871)
in APPPATH/Helpers/session_helper.php on line 20.
 1 [internal function]: CodeIgniter\Debug\Exceptions->shutdownHandler()
CRITICAL - 2023-07-28 09:17:13 --> Cannot redeclare redirect() (previously declared in /home/symfony.pymac.fr/web/codeigniter/vendor/codeigniter4/framework/system/Common.php:871)
in APPPATH/Helpers/session_helper.php on line 20.
 1 [internal function]: CodeIgniter\Debug\Exceptions->shutdownHandler()
CRITICAL - 2023-07-28 09:17:13 --> Cannot redeclare redirect() (previously declared in /home/symfony.pymac.fr/web/codeigniter/vendor/codeigniter4/framework/system/Common.php:871)
in APPPATH/Helpers/session_helper.php on line 20.
 1 [internal function]: CodeIgniter\Debug\Exceptions->shutdownHandler()
CRITICAL - 2023-07-28 09:17:14 --> Cannot redeclare redirect() (previously declared in /home/symfony.pymac.fr/web/codeigniter/vendor/codeigniter4/framework/system/Common.php:871)
in APPPATH/Helpers/session_helper.php on line 20.
 1 [internal function]: CodeIgniter\Debug\Exceptions->shutdownHandler()
CRITICAL - 2023-07-28 09:17:14 --> Cannot redeclare redirect() (previously declared in /home/symfony.pymac.fr/web/codeigniter/vendor/codeigniter4/framework/system/Common.php:871)
in APPPATH/Helpers/session_helper.php on line 20.
 1 [internal function]: CodeIgniter\Debug\Exceptions->shutdownHandler()
CRITICAL - 2023-07-28 09:18:27 --> Cannot redeclare redirect() (previously declared in /home/symfony.pymac.fr/web/codeigniter/vendor/codeigniter4/framework/system/Common.php:871)
in APPPATH/Helpers/session_helper.php on line 20.
 1 [internal function]: CodeIgniter\Debug\Exceptions->shutdownHandler()
CRITICAL - 2023-07-28 09:18:28 --> Cannot redeclare redirect() (previously declared in /home/symfony.pymac.fr/web/codeigniter/vendor/codeigniter4/framework/system/Common.php:871)
in APPPATH/Helpers/session_helper.php on line 20.
 1 [internal function]: CodeIgniter\Debug\Exceptions->shutdownHandler()
CRITICAL - 2023-07-28 09:18:29 --> Cannot redeclare redirect() (previously declared in /home/symfony.pymac.fr/web/codeigniter/vendor/codeigniter4/framework/system/Common.php:871)
in APPPATH/Helpers/session_helper.php on line 20.
 1 [internal function]: CodeIgniter\Debug\Exceptions->shutdownHandler()
CRITICAL - 2023-07-28 09:18:29 --> Cannot redeclare redirect() (previously declared in /home/symfony.pymac.fr/web/codeigniter/vendor/codeigniter4/framework/system/Common.php:871)
in APPPATH/Helpers/session_helper.php on line 20.
 1 [internal function]: CodeIgniter\Debug\Exceptions->shutdownHandler()
CRITICAL - 2023-07-28 09:18:29 --> Cannot redeclare redirect() (previously declared in /home/symfony.pymac.fr/web/codeigniter/vendor/codeigniter4/framework/system/Common.php:871)
in APPPATH/Helpers/session_helper.php on line 20.
 1 [internal function]: CodeIgniter\Debug\Exceptions->shutdownHandler()
CRITICAL - 2023-07-28 09:32:32 --> Cannot redeclare redirect() (previously declared in /home/symfony.pymac.fr/web/codeigniter/vendor/codeigniter4/framework/system/Common.php:871)
in APPPATH/Helpers/session_helper.php on line 20.
 1 [internal function]: CodeIgniter\Debug\Exceptions->shutdownHandler()
CRITICAL - 2023-07-28 09:32:32 --> Cannot redeclare redirect() (previously declared in /home/symfony.pymac.fr/web/codeigniter/vendor/codeigniter4/framework/system/Common.php:871)
in APPPATH/Helpers/session_helper.php on line 20.
 1 [internal function]: CodeIgniter\Debug\Exceptions->shutdownHandler()
CRITICAL - 2023-07-28 09:32:32 --> Cannot redeclare redirect() (previously declared in /home/symfony.pymac.fr/web/codeigniter/vendor/codeigniter4/framework/system/Common.php:871)
in APPPATH/Helpers/session_helper.php on line 20.
 1 [internal function]: CodeIgniter\Debug\Exceptions->shutdownHandler()
CRITICAL - 2023-07-28 09:32:53 --> Cannot redeclare redirect() (previously declared in /home/symfony.pymac.fr/web/codeigniter/vendor/codeigniter4/framework/system/Common.php:871)
in APPPATH/Helpers/session_helper.php on line 20.
 1 [internal function]: CodeIgniter\Debug\Exceptions->shutdownHandler()
CRITICAL - 2023-07-28 09:33:22 --> Cannot redeclare redirect() (previously declared in /home/symfony.pymac.fr/web/codeigniter/vendor/codeigniter4/framework/system/Common.php:871)
in APPPATH/Helpers/session_helper.php on line 20.
 1 [internal function]: CodeIgniter\Debug\Exceptions->shutdownHandler()
CRITICAL - 2023-07-28 09:44:02 --> include_once(header.php): failed to open stream: No such file or directory
in APPPATH/Views/logs/register.php on line 11.
 1 APPPATH/Views/logs/register.php(11): CodeIgniter\Debug\Exceptions->errorHandler()
 2 APPPATH/Views/logs/register.php(11): include_once()
 3 SYSTEMPATH/View/View.php(224): include('/home/symfony.pymac.fr/web/codeigniter/app/Views/logs/register.php')
 4 SYSTEMPATH/View/View.php(227): CodeIgniter\View\View->CodeIgniter\View\{closure}()
 5 SYSTEMPATH/Common.php(1180): CodeIgniter\View\View->render()
 6 APPPATH/Controllers/LogController.php(31): view()
 7 SYSTEMPATH/CodeIgniter.php(932): App\Controllers\LogController->register()
 8 SYSTEMPATH/CodeIgniter.php(497): CodeIgniter\CodeIgniter->runController()
 9 SYSTEMPATH/CodeIgniter.php(366): CodeIgniter\CodeIgniter->handleRequest()
10 FCPATH/index.php(67): CodeIgniter\CodeIgniter->run()
CRITICAL - 2023-07-28 09:44:04 --> include_once(header.php): failed to open stream: No such file or directory
in APPPATH/Views/logs/register.php on line 11.
 1 APPPATH/Views/logs/register.php(11): CodeIgniter\Debug\Exceptions->errorHandler()
 2 APPPATH/Views/logs/register.php(11): include_once()
 3 SYSTEMPATH/View/View.php(224): include('/home/symfony.pymac.fr/web/codeigniter/app/Views/logs/register.php')
 4 SYSTEMPATH/View/View.php(227): CodeIgniter\View\View->CodeIgniter\View\{closure}()
 5 SYSTEMPATH/Common.php(1180): CodeIgniter\View\View->render()
 6 APPPATH/Controllers/LogController.php(31): view()
 7 SYSTEMPATH/CodeIgniter.php(932): App\Controllers\LogController->register()
 8 SYSTEMPATH/CodeIgniter.php(497): CodeIgniter\CodeIgniter->runController()
 9 SYSTEMPATH/CodeIgniter.php(366): CodeIgniter\CodeIgniter->handleRequest()
10 FCPATH/index.php(67): CodeIgniter\CodeIgniter->run()
CRITICAL - 2023-07-28 09:44:04 --> include_once(header.php): failed to open stream: No such file or directory
in APPPATH/Views/logs/register.php on line 11.
 1 APPPATH/Views/logs/register.php(11): CodeIgniter\Debug\Exceptions->errorHandler()
 2 APPPATH/Views/logs/register.php(11): include_once()
 3 SYSTEMPATH/View/View.php(224): include('/home/symfony.pymac.fr/web/codeigniter/app/Views/logs/register.php')
 4 SYSTEMPATH/View/View.php(227): CodeIgniter\View\View->CodeIgniter\View\{closure}()
 5 SYSTEMPATH/Common.php(1180): CodeIgniter\View\View->render()
 6 APPPATH/Controllers/LogController.php(31): view()
 7 SYSTEMPATH/CodeIgniter.php(932): App\Controllers\LogController->register()
 8 SYSTEMPATH/CodeIgniter.php(497): CodeIgniter\CodeIgniter->runController()
 9 SYSTEMPATH/CodeIgniter.php(366): CodeIgniter\CodeIgniter->handleRequest()
10 FCPATH/index.php(67): CodeIgniter\CodeIgniter->run()
CRITICAL - 2023-07-28 09:44:04 --> include_once(header.php): failed to open stream: No such file or directory
in APPPATH/Views/logs/register.php on line 11.
 1 APPPATH/Views/logs/register.php(11): CodeIgniter\Debug\Exceptions->errorHandler()
 2 APPPATH/Views/logs/register.php(11): include_once()
 3 SYSTEMPATH/View/View.php(224): include('/home/symfony.pymac.fr/web/codeigniter/app/Views/logs/register.php')
 4 SYSTEMPATH/View/View.php(227): CodeIgniter\View\View->CodeIgniter\View\{closure}()
 5 SYSTEMPATH/Common.php(1180): CodeIgniter\View\View->render()
 6 APPPATH/Controllers/LogController.php(31): view()
 7 SYSTEMPATH/CodeIgniter.php(932): App\Controllers\LogController->register()
 8 SYSTEMPATH/CodeIgniter.php(497): CodeIgniter\CodeIgniter->runController()
 9 SYSTEMPATH/CodeIgniter.php(366): CodeIgniter\CodeIgniter->handleRequest()
10 FCPATH/index.php(67): CodeIgniter\CodeIgniter->run()
CRITICAL - 2023-07-28 09:49:45 --> CodeIgniter\Autoloader\Autoloader::main(): Failed opening required '/home/symfony.pymac.fr/web/codeigniter/app/Helpers/session_helper.php' (include_path='.:/usr/share/php')
in APPPATH/Controllers/LogController.php on line 7.
 1 [internal function]: CodeIgniter\Debug\Exceptions->shutdownHandler()
CRITICAL - 2023-07-28 09:49:55 --> CodeIgniter\Autoloader\Autoloader::main(): Failed opening required '/home/symfony.pymac.fr/web/codeigniter/app/Helpers/session_helper.php' (include_path='.:/usr/share/php')
in APPPATH/Controllers/LogController.php on line 7.
 1 [internal function]: CodeIgniter\Debug\Exceptions->shutdownHandler()
CRITICAL - 2023-07-28 09:50:03 --> CodeIgniter\Autoloader\Autoloader::main(): Failed opening required '/home/symfony.pymac.fr/web/codeigniter/app/Helpers/session_helper.php' (include_path='.:/usr/share/php')
in APPPATH/Controllers/LogController.php on line 7.
 1 [internal function]: CodeIgniter\Debug\Exceptions->shutdownHandler()
CRITICAL - 2023-07-28 09:50:16 --> CodeIgniter\Autoloader\Autoloader::main(): Failed opening required '/home/symfony.pymac.fr/web/codeigniter/app/Helpers/session_helper.php' (include_path='.:/usr/share/php')
in APPPATH/Controllers/LogController.php on line 7.
 1 [internal function]: CodeIgniter\Debug\Exceptions->shutdownHandler()
CRITICAL - 2023-07-28 12:44:50 --> Class 'app\Models\UtilisateursModel' not found
in APPPATH/Controllers/LogController.php on line 13.
 1 SYSTEMPATH/CodeIgniter.php(904): App\Controllers\LogController->__construct()
 2 SYSTEMPATH/CodeIgniter.php(488): CodeIgniter\CodeIgniter->createController()
 3 SYSTEMPATH/CodeIgniter.php(366): CodeIgniter\CodeIgniter->handleRequest()
 4 FCPATH/index.php(67): CodeIgniter\CodeIgniter->run()
CRITICAL - 2023-07-28 12:46:09 --> Class 'app\Models\UtilisateursModel' not found
in APPPATH/Controllers/LogController.php on line 13.
 1 SYSTEMPATH/CodeIgniter.php(904): App\Controllers\LogController->__construct()
 2 SYSTEMPATH/CodeIgniter.php(488): CodeIgniter\CodeIgniter->createController()
 3 SYSTEMPATH/CodeIgniter.php(366): CodeIgniter\CodeIgniter->handleRequest()
 4 FCPATH/index.php(67): CodeIgniter\CodeIgniter->run()
CRITICAL - 2023-07-28 12:48:45 --> Class 'app\Models\UtilisateursModel' not found
in APPPATH/Controllers/LogController.php on line 13.
 1 SYSTEMPATH/CodeIgniter.php(904): App\Controllers\LogController->__construct()
 2 SYSTEMPATH/CodeIgniter.php(488): CodeIgniter\CodeIgniter->createController()
 3 SYSTEMPATH/CodeIgniter.php(366): CodeIgniter\CodeIgniter->handleRequest()
 4 FCPATH/index.php(67): CodeIgniter\CodeIgniter->run()
CRITICAL - 2023-07-28 12:48:47 --> Class 'app\Models\UtilisateursModel' not found
in APPPATH/Controllers/LogController.php on line 13.
 1 SYSTEMPATH/CodeIgniter.php(904): App\Controllers\LogController->__construct()
 2 SYSTEMPATH/CodeIgniter.php(488): CodeIgniter\CodeIgniter->createController()
 3 SYSTEMPATH/CodeIgniter.php(366): CodeIgniter\CodeIgniter->handleRequest()
 4 FCPATH/index.php(67): CodeIgniter\CodeIgniter->run()
ERROR - 2023-07-28 12:50:24 --> mysqli_sql_exception: Table 'symfony_pymac_fr.voituresusers' doesn't exist in /home/symfony.pymac.fr/web/codeigniter/vendor/codeigniter4/framework/system/Database/MySQLi/Connection.php:295
Stack trace:
#0 /home/symfony.pymac.fr/web/codeigniter/vendor/codeigniter4/framework/system/Database/MySQLi/Connection.php(295): mysqli->query()
#1 /home/symfony.pymac.fr/web/codeigniter/vendor/codeigniter4/framework/system/Database/BaseConnection.php(692): CodeIgniter\Database\MySQLi\Connection->execute()
#2 /home/symfony.pymac.fr/web/codeigniter/vendor/codeigniter4/framework/system/Database/BaseConnection.php(606): CodeIgniter\Database\BaseConnection->simpleQuery()
#3 /home/symfony.pymac.fr/web/codeigniter/vendor/codeigniter4/framework/system/Database/BaseBuilder.php(2309): CodeIgniter\Database\BaseConnection->query()
#4 /home/symfony.pymac.fr/web/codeigniter/vendor/codeigniter4/framework/system/Model.php(330): CodeIgniter\Database\BaseBuilder->insert()
#5 /home/symfony.pymac.fr/web/codeigniter/vendor/codeigniter4/framework/system/BaseModel.php(782): CodeIgniter\Model->doInsert()
#6 /home/symfony.pymac.fr/web/codeigniter/vendor/codeigniter4/framework/system/Model.php(730): CodeIgniter\BaseModel->insert()
#7 /home/symfony.pymac.fr/web/codeigniter/app/Models/UtilisateursModel.php(20): CodeIgniter\Model->insert()
#8 /home/symfony.pymac.fr/web/codeigniter/app/Controllers/LogController.php(37): App\Models\UtilisateursModel->registerUser()
#9 /home/symfony.pymac.fr/web/codeigniter/app/Controllers/LogController.php(19): App\Controllers\LogController->processRegistration()
#10 /home/symfony.pymac.fr/web/codeigniter/vendor/codeigniter4/framework/system/CodeIgniter.php(932): App\Controllers\LogController->register()
#11 /home/symfony.pymac.fr/web/codeigniter/vendor/codeigniter4/framework/system/CodeIgniter.php(497): CodeIgniter\CodeIgniter->runController()
#12 /home/symfony.pymac.fr/web/codeigniter/vendor/codeigniter4/framework/system/CodeIgniter.php(366): CodeIgniter\CodeIgniter->handleRequest()
#13 /home/symfony.pymac.fr/web/codeigniter/public/index.php(67): CodeIgniter\CodeIgniter->run()
#14 {main}
CRITICAL - 2023-07-28 12:50:24 --> Table 'symfony_pymac_fr.voituresusers' doesn't exist
in SYSTEMPATH/Database/MySQLi/Connection.php on line 295.
 1 SYSTEMPATH/Database/MySQLi/Connection.php(295): mysqli->query()
 2 SYSTEMPATH/Database/BaseConnection.php(692): CodeIgniter\Database\MySQLi\Connection->execute()
 3 SYSTEMPATH/Database/BaseConnection.php(606): CodeIgniter\Database\BaseConnection->simpleQuery()
 4 SYSTEMPATH/Database/BaseBuilder.php(2309): CodeIgniter\Database\BaseConnection->query()
 5 SYSTEMPATH/Model.php(330): CodeIgniter\Database\BaseBuilder->insert()
 6 SYSTEMPATH/BaseModel.php(782): CodeIgniter\Model->doInsert()
 7 SYSTEMPATH/Model.php(730): CodeIgniter\BaseModel->insert()
 8 APPPATH/Models/UtilisateursModel.php(20): CodeIgniter\Model->insert()
 9 APPPATH/Controllers/LogController.php(37): App\Models\UtilisateursModel->registerUser()
10 APPPATH/Controllers/LogController.php(19): App\Controllers\LogController->processRegistration()
11 SYSTEMPATH/CodeIgniter.php(932): App\Controllers\LogController->register()
12 SYSTEMPATH/CodeIgniter.php(497): CodeIgniter\CodeIgniter->runController()
13 SYSTEMPATH/CodeIgniter.php(366): CodeIgniter\CodeIgniter->handleRequest()
14 FCPATH/index.php(67): CodeIgniter\CodeIgniter->run()
ERROR - 2023-07-28 12:50:28 --> mysqli_sql_exception: Table 'symfony_pymac_fr.voituresusers' doesn't exist in /home/symfony.pymac.fr/web/codeigniter/vendor/codeigniter4/framework/system/Database/MySQLi/Connection.php:295
Stack trace:
#0 /home/symfony.pymac.fr/web/codeigniter/vendor/codeigniter4/framework/system/Database/MySQLi/Connection.php(295): mysqli->query()
#1 /home/symfony.pymac.fr/web/codeigniter/vendor/codeigniter4/framework/system/Database/BaseConnection.php(692): CodeIgniter\Database\MySQLi\Connection->execute()
#2 /home/symfony.pymac.fr/web/codeigniter/vendor/codeigniter4/framework/system/Database/BaseConnection.php(606): CodeIgniter\Database\BaseConnection->simpleQuery()
#3 /home/symfony.pymac.fr/web/codeigniter/vendor/codeigniter4/framework/system/Database/BaseBuilder.php(2309): CodeIgniter\Database\BaseConnection->query()
#4 /home/symfony.pymac.fr/web/codeigniter/vendor/codeigniter4/framework/system/Model.php(330): CodeIgniter\Database\BaseBuilder->insert()
#5 /home/symfony.pymac.fr/web/codeigniter/vendor/codeigniter4/framework/system/BaseModel.php(782): CodeIgniter\Model->doInsert()
#6 /home/symfony.pymac.fr/web/codeigniter/vendor/codeigniter4/framework/system/Model.php(730): CodeIgniter\BaseModel->insert()
#7 /home/symfony.pymac.fr/web/codeigniter/app/Models/UtilisateursModel.php(20): CodeIgniter\Model->insert()
#8 /home/symfony.pymac.fr/web/codeigniter/app/Controllers/LogController.php(37): App\Models\UtilisateursModel->registerUser()
#9 /home/symfony.pymac.fr/web/codeigniter/app/Controllers/LogController.php(19): App\Controllers\LogController->processRegistration()
#10 /home/symfony.pymac.fr/web/codeigniter/vendor/codeigniter4/framework/system/CodeIgniter.php(932): App\Controllers\LogController->register()
#11 /home/symfony.pymac.fr/web/codeigniter/vendor/codeigniter4/framework/system/CodeIgniter.php(497): CodeIgniter\CodeIgniter->runController()
#12 /home/symfony.pymac.fr/web/codeigniter/vendor/codeigniter4/framework/system/CodeIgniter.php(366): CodeIgniter\CodeIgniter->handleRequest()
#13 /home/symfony.pymac.fr/web/codeigniter/public/index.php(67): CodeIgniter\CodeIgniter->run()
#14 {main}
CRITICAL - 2023-07-28 12:50:28 --> Table 'symfony_pymac_fr.voituresusers' doesn't exist
in SYSTEMPATH/Database/MySQLi/Connection.php on line 295.
 1 SYSTEMPATH/Database/MySQLi/Connection.php(295): mysqli->query()
 2 SYSTEMPATH/Database/BaseConnection.php(692): CodeIgniter\Database\MySQLi\Connection->execute()
 3 SYSTEMPATH/Database/BaseConnection.php(606): CodeIgniter\Database\BaseConnection->simpleQuery()
 4 SYSTEMPATH/Database/BaseBuilder.php(2309): CodeIgniter\Database\BaseConnection->query()
 5 SYSTEMPATH/Model.php(330): CodeIgniter\Database\BaseBuilder->insert()
 6 SYSTEMPATH/BaseModel.php(782): CodeIgniter\Model->doInsert()
 7 SYSTEMPATH/Model.php(730): CodeIgniter\BaseModel->insert()
 8 APPPATH/Models/UtilisateursModel.php(20): CodeIgniter\Model->insert()
 9 APPPATH/Controllers/LogController.php(37): App\Models\UtilisateursModel->registerUser()
10 APPPATH/Controllers/LogController.php(19): App\Controllers\LogController->processRegistration()
11 SYSTEMPATH/CodeIgniter.php(932): App\Controllers\LogController->register()
12 SYSTEMPATH/CodeIgniter.php(497): CodeIgniter\CodeIgniter->runController()
13 SYSTEMPATH/CodeIgniter.php(366): CodeIgniter\CodeIgniter->handleRequest()
14 FCPATH/index.php(67): CodeIgniter\CodeIgniter->run()
ERROR - 2023-07-28 12:50:43 --> mysqli_sql_exception: Table 'symfony_pymac_fr.voituresusers' doesn't exist in /home/symfony.pymac.fr/web/codeigniter/vendor/codeigniter4/framework/system/Database/MySQLi/Connection.php:295
Stack trace:
#0 /home/symfony.pymac.fr/web/codeigniter/vendor/codeigniter4/framework/system/Database/MySQLi/Connection.php(295): mysqli->query()
#1 /home/symfony.pymac.fr/web/codeigniter/vendor/codeigniter4/framework/system/Database/BaseConnection.php(692): CodeIgniter\Database\MySQLi\Connection->execute()
#2 /home/symfony.pymac.fr/web/codeigniter/vendor/codeigniter4/framework/system/Database/BaseConnection.php(606): CodeIgniter\Database\BaseConnection->simpleQuery()
#3 /home/symfony.pymac.fr/web/codeigniter/vendor/codeigniter4/framework/system/Database/BaseBuilder.php(2309): CodeIgniter\Database\BaseConnection->query()
#4 /home/symfony.pymac.fr/web/codeigniter/vendor/codeigniter4/framework/system/Model.php(330): CodeIgniter\Database\BaseBuilder->insert()
#5 /home/symfony.pymac.fr/web/codeigniter/vendor/codeigniter4/framework/system/BaseModel.php(782): CodeIgniter\Model->doInsert()
#6 /home/symfony.pymac.fr/web/codeigniter/vendor/codeigniter4/framework/system/Model.php(730): CodeIgniter\BaseModel->insert()
#7 /home/symfony.pymac.fr/web/codeigniter/app/Models/UtilisateursModel.php(20): CodeIgniter\Model->insert()
#8 /home/symfony.pymac.fr/web/codeigniter/app/Controllers/LogController.php(37): App\Models\UtilisateursModel->registerUser()
#9 /home/symfony.pymac.fr/web/codeigniter/app/Controllers/LogController.php(19): App\Controllers\LogController->processRegistration()
#10 /home/symfony.pymac.fr/web/codeigniter/vendor/codeigniter4/framework/system/CodeIgniter.php(932): App\Controllers\LogController->register()
#11 /home/symfony.pymac.fr/web/codeigniter/vendor/codeigniter4/framework/system/CodeIgniter.php(497): CodeIgniter\CodeIgniter->runController()
#12 /home/symfony.pymac.fr/web/codeigniter/vendor/codeigniter4/framework/system/CodeIgniter.php(366): CodeIgniter\CodeIgniter->handleRequest()
#13 /home/symfony.pymac.fr/web/codeigniter/public/index.php(67): CodeIgniter\CodeIgniter->run()
#14 {main}
CRITICAL - 2023-07-28 12:50:43 --> Table 'symfony_pymac_fr.voituresusers' doesn't exist
in SYSTEMPATH/Database/MySQLi/Connection.php on line 295.
 1 SYSTEMPATH/Database/MySQLi/Connection.php(295): mysqli->query()
 2 SYSTEMPATH/Database/BaseConnection.php(692): CodeIgniter\Database\MySQLi\Connection->execute()
 3 SYSTEMPATH/Database/BaseConnection.php(606): CodeIgniter\Database\BaseConnection->simpleQuery()
 4 SYSTEMPATH/Database/BaseBuilder.php(2309): CodeIgniter\Database\BaseConnection->query()
 5 SYSTEMPATH/Model.php(330): CodeIgniter\Database\BaseBuilder->insert()
 6 SYSTEMPATH/BaseModel.php(782): CodeIgniter\Model->doInsert()
 7 SYSTEMPATH/Model.php(730): CodeIgniter\BaseModel->insert()
 8 APPPATH/Models/UtilisateursModel.php(20): CodeIgniter\Model->insert()
 9 APPPATH/Controllers/LogController.php(37): App\Models\UtilisateursModel->registerUser()
10 APPPATH/Controllers/LogController.php(19): App\Controllers\LogController->processRegistration()
11 SYSTEMPATH/CodeIgniter.php(932): App\Controllers\LogController->register()
12 SYSTEMPATH/CodeIgniter.php(497): CodeIgniter\CodeIgniter->runController()
13 SYSTEMPATH/CodeIgniter.php(366): CodeIgniter\CodeIgniter->handleRequest()
14 FCPATH/index.php(67): CodeIgniter\CodeIgniter->run()
ERROR - 2023-07-28 12:51:47 --> mysqli_sql_exception: Table 'symfony_pymac_fr.voituresusers' doesn't exist in /home/symfony.pymac.fr/web/codeigniter/vendor/codeigniter4/framework/system/Database/MySQLi/Connection.php:295
Stack trace:
#0 /home/symfony.pymac.fr/web/codeigniter/vendor/codeigniter4/framework/system/Database/MySQLi/Connection.php(295): mysqli->query()
#1 /home/symfony.pymac.fr/web/codeigniter/vendor/codeigniter4/framework/system/Database/BaseConnection.php(692): CodeIgniter\Database\MySQLi\Connection->execute()
#2 /home/symfony.pymac.fr/web/codeigniter/vendor/codeigniter4/framework/system/Database/BaseConnection.php(606): CodeIgniter\Database\BaseConnection->simpleQuery()
#3 /home/symfony.pymac.fr/web/codeigniter/vendor/codeigniter4/framework/system/Database/BaseBuilder.php(2309): CodeIgniter\Database\BaseConnection->query()
#4 /home/symfony.pymac.fr/web/codeigniter/vendor/codeigniter4/framework/system/Model.php(330): CodeIgniter\Database\BaseBuilder->insert()
#5 /home/symfony.pymac.fr/web/codeigniter/vendor/codeigniter4/framework/system/BaseModel.php(782): CodeIgniter\Model->doInsert()
#6 /home/symfony.pymac.fr/web/codeigniter/vendor/codeigniter4/framework/system/Model.php(730): CodeIgniter\BaseModel->insert()
#7 /home/symfony.pymac.fr/web/codeigniter/app/Models/UtilisateursModel.php(20): CodeIgniter\Model->insert()
#8 /home/symfony.pymac.fr/web/codeigniter/app/Controllers/LogController.php(37): App\Models\UtilisateursModel->registerUser()
#9 /home/symfony.pymac.fr/web/codeigniter/app/Controllers/LogController.php(19): App\Controllers\LogController->processRegistration()
#10 /home/symfony.pymac.fr/web/codeigniter/vendor/codeigniter4/framework/system/CodeIgniter.php(932): App\Controllers\LogController->register()
#11 /home/symfony.pymac.fr/web/codeigniter/vendor/codeigniter4/framework/system/CodeIgniter.php(497): CodeIgniter\CodeIgniter->runController()
#12 /home/symfony.pymac.fr/web/codeigniter/vendor/codeigniter4/framework/system/CodeIgniter.php(366): CodeIgniter\CodeIgniter->handleRequest()
#13 /home/symfony.pymac.fr/web/codeigniter/public/index.php(67): CodeIgniter\CodeIgniter->run()
#14 {main}
CRITICAL - 2023-07-28 12:51:47 --> Table 'symfony_pymac_fr.voituresusers' doesn't exist
in SYSTEMPATH/Database/MySQLi/Connection.php on line 295.
 1 SYSTEMPATH/Database/MySQLi/Connection.php(295): mysqli->query()
 2 SYSTEMPATH/Database/BaseConnection.php(692): CodeIgniter\Database\MySQLi\Connection->execute()
 3 SYSTEMPATH/Database/BaseConnection.php(606): CodeIgniter\Database\BaseConnection->simpleQuery()
 4 SYSTEMPATH/Database/BaseBuilder.php(2309): CodeIgniter\Database\BaseConnection->query()
 5 SYSTEMPATH/Model.php(330): CodeIgniter\Database\BaseBuilder->insert()
 6 SYSTEMPATH/BaseModel.php(782): CodeIgniter\Model->doInsert()
 7 SYSTEMPATH/Model.php(730): CodeIgniter\BaseModel->insert()
 8 APPPATH/Models/UtilisateursModel.php(20): CodeIgniter\Model->insert()
 9 APPPATH/Controllers/LogController.php(37): App\Models\UtilisateursModel->registerUser()
10 APPPATH/Controllers/LogController.php(19): App\Controllers\LogController->processRegistration()
11 SYSTEMPATH/CodeIgniter.php(932): App\Controllers\LogController->register()
12 SYSTEMPATH/CodeIgniter.php(497): CodeIgniter\CodeIgniter->runController()
13 SYSTEMPATH/CodeIgniter.php(366): CodeIgniter\CodeIgniter->handleRequest()
14 FCPATH/index.php(67): CodeIgniter\CodeIgniter->run()
ERROR - 2023-07-28 12:52:18 --> mysqli_sql_exception: Table 'symfony_pymac_fr.voituresutilisateurs' doesn't exist in /home/symfony.pymac.fr/web/codeigniter/vendor/codeigniter4/framework/system/Database/MySQLi/Connection.php:295
Stack trace:
#0 /home/symfony.pymac.fr/web/codeigniter/vendor/codeigniter4/framework/system/Database/MySQLi/Connection.php(295): mysqli->query()
#1 /home/symfony.pymac.fr/web/codeigniter/vendor/codeigniter4/framework/system/Database/BaseConnection.php(692): CodeIgniter\Database\MySQLi\Connection->execute()
#2 /home/symfony.pymac.fr/web/codeigniter/vendor/codeigniter4/framework/system/Database/BaseConnection.php(606): CodeIgniter\Database\BaseConnection->simpleQuery()
#3 /home/symfony.pymac.fr/web/codeigniter/vendor/codeigniter4/framework/system/Database/BaseBuilder.php(2309): CodeIgniter\Database\BaseConnection->query()
#4 /home/symfony.pymac.fr/web/codeigniter/vendor/codeigniter4/framework/system/Model.php(330): CodeIgniter\Database\BaseBuilder->insert()
#5 /home/symfony.pymac.fr/web/codeigniter/vendor/codeigniter4/framework/system/BaseModel.php(782): CodeIgniter\Model->doInsert()
#6 /home/symfony.pymac.fr/web/codeigniter/vendor/codeigniter4/framework/system/Model.php(730): CodeIgniter\BaseModel->insert()
#7 /home/symfony.pymac.fr/web/codeigniter/app/Models/UtilisateursModel.php(20): CodeIgniter\Model->insert()
#8 /home/symfony.pymac.fr/web/codeigniter/app/Controllers/LogController.php(37): App\Models\UtilisateursModel->registerUser()
#9 /home/symfony.pymac.fr/web/codeigniter/app/Controllers/LogController.php(19): App\Controllers\LogController->processRegistration()
#10 /home/symfony.pymac.fr/web/codeigniter/vendor/codeigniter4/framework/system/CodeIgniter.php(932): App\Controllers\LogController->register()
#11 /home/symfony.pymac.fr/web/codeigniter/vendor/codeigniter4/framework/system/CodeIgniter.php(497): CodeIgniter\CodeIgniter->runController()
#12 /home/symfony.pymac.fr/web/codeigniter/vendor/codeigniter4/framework/system/CodeIgniter.php(366): CodeIgniter\CodeIgniter->handleRequest()
#13 /home/symfony.pymac.fr/web/codeigniter/public/index.php(67): CodeIgniter\CodeIgniter->run()
#14 {main}
CRITICAL - 2023-07-28 12:52:18 --> Table 'symfony_pymac_fr.voituresutilisateurs' doesn't exist
in SYSTEMPATH/Database/MySQLi/Connection.php on line 295.
 1 SYSTEMPATH/Database/MySQLi/Connection.php(295): mysqli->query()
 2 SYSTEMPATH/Database/BaseConnection.php(692): CodeIgniter\Database\MySQLi\Connection->execute()
 3 SYSTEMPATH/Database/BaseConnection.php(606): CodeIgniter\Database\BaseConnection->simpleQuery()
 4 SYSTEMPATH/Database/BaseBuilder.php(2309): CodeIgniter\Database\BaseConnection->query()
 5 SYSTEMPATH/Model.php(330): CodeIgniter\Database\BaseBuilder->insert()
 6 SYSTEMPATH/BaseModel.php(782): CodeIgniter\Model->doInsert()
 7 SYSTEMPATH/Model.php(730): CodeIgniter\BaseModel->insert()
 8 APPPATH/Models/UtilisateursModel.php(20): CodeIgniter\Model->insert()
 9 APPPATH/Controllers/LogController.php(37): App\Models\UtilisateursModel->registerUser()
10 APPPATH/Controllers/LogController.php(19): App\Controllers\LogController->processRegistration()
11 SYSTEMPATH/CodeIgniter.php(932): App\Controllers\LogController->register()
12 SYSTEMPATH/CodeIgniter.php(497): CodeIgniter\CodeIgniter->runController()
13 SYSTEMPATH/CodeIgniter.php(366): CodeIgniter\CodeIgniter->handleRequest()
14 FCPATH/index.php(67): CodeIgniter\CodeIgniter->run()
CRITICAL - 2023-07-28 13:03:03 --> Call to undefined method App\Models\UtilisateursModel::getUserByEmail
in SYSTEMPATH/Model.php on line 838.
 1 APPPATH/Controllers/LogController.php(58): CodeIgniter\Model->__call()
 2 APPPATH/Controllers/LogController.php(28): App\Controllers\LogController->processLogin()
 3 SYSTEMPATH/CodeIgniter.php(932): App\Controllers\LogController->login()
 4 SYSTEMPATH/CodeIgniter.php(497): CodeIgniter\CodeIgniter->runController()
 5 SYSTEMPATH/CodeIgniter.php(366): CodeIgniter\CodeIgniter->handleRequest()
 6 FCPATH/index.php(67): CodeIgniter\CodeIgniter->run()
